903.979553
850.968872
1201.207886
874.328552
756.153198
886.833374
900.471985
842.964111
655.791443
941.025146
1025.403320
925.214050
1046.640137
717.769104
1004.782776
867.193115
977.728577
823.806091
867.676758
907.583862
898.151306
928.416382
911.560974
844.237000
775.017029
940.522583
940.826111
985.078064
728.777649
759.854614
829.053955
1071.652100
891.336304
953.317993
896.602295
850.015747
979.730347
921.714294
727.661255
829.130310
829.339722
947.956726
925.062256
1142.762085
1149.878540
949.325806
807.986145
1066.410400
671.717346
1037.332153
1026.093872
786.368103
716.495056
905.513123
840.493713
931.101746
857.665771
888.109253
1050.667969
843.817261
694.495117
939.368225
803.047302
738.084778
848.088257
703.194946
919.948669
1021.313171
949.465881
991.265015
951.837524
797.236145
795.426270
870.516663
756.727173
1047.937500
798.662598
928.786133
1011.596191
916.120300
1007.025513
1117.989624
964.461182
856.174561
875.082397
1113.049927
993.227844
828.689087
872.954102
1012.449097
1066.784302
866.829773
724.230408
902.987793
847.164917
928.589966
822.094299
1075.139160
710.940125
803.555481
872.567932
919.849731
952.240845
688.988586
967.882568
727.861755
854.562500
875.357544
887.655518
866.974365
802.926636
753.125122
849.528625
811.150330
811.571838
801.775696
867.620300
970.226440
749.975403
978.439209
838.626587
932.501892
868.352844
672.494751
888.949280
926.024536
742.378845
896.786499
1157.722290
837.856079
808.000366
1068.250977
865.648499
943.348938
978.948303
961.369446
882.397461
935.505737
905.042664
1056.417847
935.283691
831.856689
770.289429
897.328186
931.908447
1081.051025
921.456665
982.991699
1082.439087
917.323059
1059.993286
811.116150
919.451111
760.217163
869.080322
880.773743
867.865601
937.879272
838.753418
929.309631
986.975891
717.710754
986.719421
927.118591
841.610657
925.028076
1030.024902
991.992188
847.436523
760.571960
800.931580
871.367004
955.035400
1019.242004
869.242249
1025.314941
725.669067
798.408264
978.948303
925.709595
1063.111938
732.409973
798.535767
980.693359
1015.831970
1026.269653
781.597900
981.943909
886.187988
946.953674
966.616455
878.077026
975.439819
1026.366333
894.756653
931.035400
730.475830
684.161804
785.524902
804.552795
935.569153
836.010315
886.040222
1004.008362
867.084900
797.911255
822.957520
1115.502197
745.356140
1137.396484
992.750916
984.479248
1155.255981
753.996155
844.073914
1219.889526
1070.500000
903.267151
783.538940
877.752197
794.687256
955.456482
1008.590088
997.188721
1034.832642
935.686890
1075.836670
1091.646606
953.487427
845.815430
746.842773
966.394958
917.874329
1115.251343
965.088806
837.815430
925.993469
739.289062
971.846985
880.464478
979.208069
1069.716309
773.151733
804.068359
782.461609
942.076172
813.917542
723.020996
1171.025513
968.927734
1144.914429
971.476501
933.520935
919.827393
992.799866
729.334778
793.165161
1008.195618
883.732422
997.849731
830.766479
774.408203
959.174866
926.578979
755.615784
884.456299
1068.702881
1101.558594
839.586792
867.532104
1106.172363
1049.391602
754.649292
897.421143
861.260132
890.708374
914.951111
914.092346
786.507751
901.318848
1092.564819
765.412781
841.822571
845.063110
876.668213
890.250183
1091.251465
772.834717
790.218750
853.461365
878.366333
903.999817
1038.528198
909.303101
809.265076
748.304199
703.717224
1071.487061
833.935181
873.613708
962.417297
851.905579
912.606567
802.333313
841.900574
996.442993
933.150513
911.923462
969.728455
765.361145
940.864929
1063.502808
905.987793
1100.249146
803.596008
844.484802
1041.498291
985.625488
895.001404
1172.171997
958.807129
822.695618
912.528381
755.636230
983.278076
801.617065
1019.718201
639.229126
915.064880
983.308350
843.060547
808.636841
695.490601
895.979736
1248.781250
758.167786
862.173767
1010.048279
1162.263062
836.446655
914.375488
1109.137573
944.124817
841.883850
876.698364
970.841492
788.658936
811.049133
687.914124
953.371521
1116.523682
906.812073
1061.966431
799.155212
893.714355
831.486755
1024.684326
1000.648682
917.882019
880.075684
951.432190
917.242981
1016.099121
918.655212
933.090942
877.496643
1014.583008
915.928650
910.242554
744.019592
702.792847
990.328064
1108.119141
860.048340
679.714539
834.370178
829.039185
939.147156
1009.924805
839.502930
955.151855
775.921875
885.130981
811.124329
1323.354248
877.571350
930.462524
963.298645
825.297546
843.697815
961.334778
752.475647
903.283569
823.499695
910.291077
841.197571
729.384460
975.872803
701.396362
933.653564
850.798096
965.706604
914.726685
780.390076
823.564026
1090.446533
1152.332520
943.924622
933.142639
868.781799
950.447327
869.392578
852.115784
714.599548
872.417480
858.912048
940.839722
978.412537
846.433105
1062.685059
922.981812
862.285645
975.219421
973.799377
682.317688
935.934509
723.160583
843.652588
747.629028
1030.762451
770.071533
958.832397
801.953186
1151.132446
949.129456
1067.357788
755.469727
856.695007
984.512268
737.086060
938.869751
937.140869
1082.625122
964.794067
887.760315
823.477722
1032.741455
859.227905
806.772217
870.547241
776.109253
1038.161865
706.346436
904.974426
909.346375
1026.468872
689.226013
898.151245
818.835754
829.706665
813.185608
869.920288
953.980103
912.298462
680.732666
677.658020
935.013794
894.688782
841.566895
928.339661
992.537292
837.436462
738.907837
957.871643
822.078308
1023.864075
908.362610
979.369141
819.911804
970.711609
806.904114
979.078064
894.628235
926.410889
814.922180
1055.943237
995.190369
868.750671
973.413696
936.801147
1045.345703
1014.299683
999.587585
1073.475342
755.493774
982.467957
900.986328
999.746277
778.646240
961.469727
766.660339
1014.223694
720.436340
906.814331
1031.947510
1115.588379
862.232300
762.675293
903.928589
950.150146
916.589600
810.529602
960.047729
903.728394
967.242859
908.647339
807.098267
883.518677
888.453491
865.785706
838.209473
971.696472
1004.661987
956.102722
1031.561890
940.331177
684.096313
999.966614
845.708374
1020.382141
966.834534
851.203003
998.795715
976.843750
811.390625
872.262390
705.013489
952.104675
989.107422
720.786560
769.414429
830.916626
918.552124
914.352905
632.103455
1085.160767
776.394165
851.074829
759.939026
859.687500
841.309021
943.086731
889.249573
1014.985840
1028.604004
990.726440
978.795898
924.165161
1165.744629
1001.174133
859.792786
699.707214
884.491394
935.401672
1086.508911
828.057068
948.162476
763.862549
947.341614
940.824951
917.951965
850.755920
741.653198
1055.156616
977.343140
942.583984
764.385437
978.881653
1049.531372
1003.937439
1052.977417
751.585815
920.128601
834.973206
910.009827
916.186157
759.087463
964.275696
842.471008
997.144470
886.731018
978.009460
852.345215
1015.790771
1119.589600
1120.126343
879.547424
888.064270
988.138000
980.564392
1164.578369
953.608582
975.431702
922.430420
898.760803
726.574219
995.607727
1038.028809
831.119507
909.590027
767.879028
854.468445
732.534119
794.967285
830.086609
947.234558
724.778442
960.805542
882.975769
1107.490723
741.100098
697.426331
939.645569
982.156128
868.441650
855.308472
694.011841
776.185791
912.305298
838.098999
926.178772
1058.390991
814.126282
805.366821
741.490234
1068.758667
978.521729
998.674744
1046.702759
902.565308
839.856750
968.835510
960.690491
1008.070312
752.975891
960.281799
1117.580933
969.541870
872.093506
833.724060
824.354126
768.257507
999.363953
1107.157837
783.827087
983.094482
993.254639
1133.371582
940.447937
1038.470093
1087.691406
790.789001
866.855286
850.643066
952.639038
1079.719482
789.312988
905.755859
883.987427
831.549927
962.491699
817.264282
818.400024
862.994690
962.058777
1032.075073
996.520691
1084.050903
865.835449
730.332581
760.864563
976.024048
999.283386
958.148804
1047.234985
1071.095703
687.754883
888.506165
954.002258
958.823303
895.546509
934.374329
1190.815308
870.818359
932.308289
960.243469
1032.500000
921.987366
923.536438
972.770264
895.544250
832.078918
959.458374
861.637512
805.832642
887.955994
963.495544
1034.834473
811.485840
1009.923584
881.189941
846.171326
972.938416
1001.664490
1048.707153
736.765076
1011.239258
971.403748
955.048096
801.885437
941.399719
672.525391
889.985596
869.710876
724.122742
875.871277
989.413696
787.174194
968.719727
885.482544
776.716309
797.861572
918.858826
738.635559
1041.442017
794.792542
849.582886
624.803772
894.171265
873.949280
980.914795
749.050781
802.064941
969.371826
888.686218
898.433044
1080.756226
975.068237
558.551636
1084.073364
742.437744
1063.369507
838.835327
825.017273
890.016907
759.011047
1179.896973
843.053955
924.472107
906.892944
903.079346
836.982971
926.373474
935.173035
850.076416
852.566101
692.407959
692.267822
937.262024
887.530762
715.491577
895.320435
742.129150
852.773987
1017.187988
959.148193
868.204224
721.820557
857.129395
839.491455
751.196045
816.205444
920.301270
1055.186890
918.760742
1225.026978
858.084106
1000.292358
858.365295
835.902954
931.824646
839.463989
1037.525269
668.641052
688.543030
710.753174
641.046875
939.510742
770.657471
874.648743
883.960754
927.227173
831.942261
755.440613
823.255005
829.582153
931.160767
651.907043
791.478516
956.095825
1145.285645
822.057800
940.439209
971.691833
921.544983
836.893188
989.806458
894.787415
841.613220
903.294373
764.559753
809.950073
1151.072266
922.859985
1023.637878
718.592529
823.802917
816.326904
1067.711304
1127.640137
859.957336
931.654541
982.135254
752.439453
989.181091
983.648560
787.210999
788.174500
974.205200
1026.968994
882.085022
825.468201
1051.664551
953.420044
842.336792
874.879944
876.683411
938.394104
916.037415
1026.512817
986.088135
1030.755981
673.323425
928.012756
984.136536
886.138000
1049.383545
755.331848
849.670837
827.146912
805.235657
860.145386
916.977112
631.518677
865.707397
681.245605
873.071533
903.158447
844.144226
979.871887
971.739075
989.707825
793.399658
673.201782
1159.442261
784.164001
808.423279
886.750671
888.241821
1060.503052
815.127991
928.541199
975.755310
928.754761
872.109253
892.728394
1110.895752
891.807251
1036.683228
746.335938
897.798584
921.993835
858.663208
941.359192
963.607849
976.815613
922.085510
942.857788
930.828369
993.404663
974.247925
833.230835
960.127014
913.286560
870.056030
891.780579
958.239868
1163.952637
960.020813
941.509827
752.644348
938.377747
733.840942
947.612549
808.762451
851.977600
891.483215
877.085449
776.022156
912.405090
1063.752075
934.069092
843.080994
797.261597
804.990662
852.574524
959.580383
848.870544
956.609009
731.251221
980.643311
867.086609
1004.996338
998.427490
858.963257
1316.328125
976.493286
958.427185
871.599243
940.705811
735.605530
764.044067
1016.927551
908.542053
890.796326
903.561829
910.390808
851.960632
1087.743042
1106.919189
773.949463
733.924500
858.935120
694.180847
1000.090393
1029.130249
766.401550
986.578369
884.072205
668.937561
865.006592
887.796997
838.294556
1039.725342
798.407959
1018.745178
963.892212
895.802185
904.015930
801.555298
753.757324
855.723328
766.891663
802.291199
804.111450
995.669128
1059.913574
963.513794
1062.834717
932.355042
867.431458
904.262024
1080.242798
1135.687988
800.400330
691.248413
922.112183
968.668884
938.406189
1089.536987
939.305969
881.968018
1011.943848
838.134644
803.495972
1085.931396
899.294800
878.273560
1026.693481
1041.041626
952.493530
1045.074097
795.123413
999.985596
1026.855835
889.970154
811.637634
946.723999
777.233032
913.040222
960.935608
820.101746
779.220032
1262.384888
766.700989
904.014893
857.613953
919.696472
907.090759
874.023315
866.713562
831.693237
891.092712
826.951904
